DATE: 2021-12-24 09:46:07
ERROR: syntax error, unexpected end of file, expecting "elseif" or "else" or "endif"
FILE: /var/www/a-Perfect-App-branch/resources/views/partials/footer.php on line 11

STACK TRACE
#0 /var/www/a-Perfect-App-branch/app/Core/functions.php(45): require()
#1 /var/www/a-Perfect-App-branch/app/Http/Controllers/Pages/PagesController.php(9): view()
#2 /var/www/a-Perfect-App-branch/app/Core/Router.php(86): App\Http\Controllers\Pages\PagesController->index()
#3 /var/www/a-Perfect-App-branch/app/Core/Router.php(70): App\Core\Router->callAction()
#4 /var/www/a-Perfect-App-branch/public_html/index.php(12): App\Core\Router->directTraffic()
#5 {main}

DATE: 2021-12-24 09:46:08
ERROR: syntax error, unexpected end of file, expecting "elseif" or "else" or "endif"
FILE: /var/www/a-Perfect-App-branch/resources/views/partials/footer.php on line 11

STACK TRACE
#0 /var/www/a-Perfect-App-branch/app/Core/functions.php(45): require()
#1 /var/www/a-Perfect-App-branch/app/Http/Controllers/Pages/PagesController.php(9): view()
#2 /var/www/a-Perfect-App-branch/app/Core/Router.php(86): App\Http\Controllers\Pages\PagesController->index()
#3 /var/www/a-Perfect-App-branch/app/Core/Router.php(70): App\Core\Router->callAction()
#4 /var/www/a-Perfect-App-branch/public_html/index.php(12): App\Core\Router->directTraffic()
#5 {main}

DATE: 2021-12-24 09:48:38
ERROR: Failed opening required '/var/www/a-Perfect-App-branch/resources/partials/FOOTER-SIDE.php' (include_path='.:/usr/share/php')
FILE: /var/www/a-Perfect-App-branch/resources/views/partials/footer.php on line 4

STACK TRACE
#0 /var/www/a-Perfect-App-branch/resources/views/display-template.php(26): require()
#1 /var/www/a-Perfect-App-branch/app/Core/functions.php(45): require('...')
#2 /var/www/a-Perfect-App-branch/app/Http/Controllers/Pages/PagesController.php(9): view()
#3 /var/www/a-Perfect-App-branch/app/Core/Router.php(86): App\Http\Controllers\Pages\PagesController->index()
#4 /var/www/a-Perfect-App-branch/app/Core/Router.php(70): App\Core\Router->callAction()
#5 /var/www/a-Perfect-App-branch/public_html/index.php(12): App\Core\Router->directTraffic()
#6 {main}

